running develop
running egg_info
creating servo_controller.egg-info
writing servo_controller.egg-info/PKG-INFO
writing dependency_links to servo_controller.egg-info/dependency_links.txt
writing entry points to servo_controller.egg-info/entry_points.txt
writing requirements to servo_controller.egg-info/requires.txt
writing top-level names to servo_controller.egg-info/top_level.txt
writing manifest file 'servo_controller.egg-info/SOURCES.txt'
reading manifest file 'servo_controller.egg-info/SOURCES.txt'
writing manifest file 'servo_controller.egg-info/SOURCES.txt'
running build_ext
Creating /home/sudhaavan/tactile_sensor_ros2_ws/src/servo_controller/install/servo_controller/lib/python3.12/site-packages/servo-controller.egg-link (link to .)
Installing servo_controller_node script to /home/sudhaavan/tactile_sensor_ros2_ws/src/servo_controller/install/servo_controller/lib/servo_controller

Installed /home/sudhaavan/tactile_sensor_ros2_ws/src/servo_controller/build/servo_controller
running symlink_data
creating /home/sudhaavan/tactile_sensor_ros2_ws/src/servo_controller/install/servo_controller/share/ament_index
creating /home/sudhaavan/tactile_sensor_ros2_ws/src/servo_controller/install/servo_controller/share/ament_index/resource_index
creating /home/sudhaavan/tactile_sensor_ros2_ws/src/servo_controller/install/servo_controller/share/ament_index/resource_index/packages
symbolically linking /home/sudhaavan/tactile_sensor_ros2_ws/src/servo_controller/build/servo_controller/resource/servo_controller -> /home/sudhaavan/tactile_sensor_ros2_ws/src/servo_controller/install/servo_controller/share/ament_index/resource_index/packages
symbolically linking /home/sudhaavan/tactile_sensor_ros2_ws/src/servo_controller/build/servo_controller/package.xml -> /home/sudhaavan/tactile_sensor_ros2_ws/src/servo_controller/install/servo_controller/share/servo_controller
