[0.519s] Invoking command in '/home/sudhaavan/tactile_sensor_ros2_ws/src/servo_controller/build/servo_controller': PYTHONPATH=/home/sudhaavan/tactile_sensor_ros2_ws/src/servo_controller/build/servo_controller/prefix_override:/usr/lib/python3/dist-packages/colcon_core/task/python/colcon_distutils_commands:/home/sudhaavan/tactile_sensor_ros2_ws/src/servo_controller/install/servo_controller/lib/python3.12/site-packages:${PYTHONPATH} /usr/bin/python3 -W ignore:setup.py install is deprecated -W ignore:easy_install command is deprecated setup.py develop --editable --build-directory /home/sudhaavan/tactile_sensor_ros2_ws/src/servo_controller/build/servo_controller/build --no-deps symlink_data
[0.723s] running develop
[0.831s] running egg_info
[0.831s] creating servo_controller.egg-info
[0.842s] writing servo_controller.egg-info/PKG-INFO
[0.842s] writing dependency_links to servo_controller.egg-info/dependency_links.txt
[0.843s] writing entry points to servo_controller.egg-info/entry_points.txt
[0.843s] writing requirements to servo_controller.egg-info/requires.txt
[0.843s] writing top-level names to servo_controller.egg-info/top_level.txt
[0.843s] writing manifest file 'servo_controller.egg-info/SOURCES.txt'
[0.864s] reading manifest file 'servo_controller.egg-info/SOURCES.txt'
[0.865s] writing manifest file 'servo_controller.egg-info/SOURCES.txt'
[0.876s] running build_ext
[0.876s] Creating /home/sudhaavan/tactile_sensor_ros2_ws/src/servo_controller/install/servo_controller/lib/python3.12/site-packages/servo-controller.egg-link (link to .)
[0.877s] Installing servo_controller_node script to /home/sudhaavan/tactile_sensor_ros2_ws/src/servo_controller/install/servo_controller/lib/servo_controller
[0.877s] 
[0.877s] Installed /home/sudhaavan/tactile_sensor_ros2_ws/src/servo_controller/build/servo_controller
[0.877s] running symlink_data
[0.877s] creating /home/sudhaavan/tactile_sensor_ros2_ws/src/servo_controller/install/servo_controller/share/ament_index
[0.878s] creating /home/sudhaavan/tactile_sensor_ros2_ws/src/servo_controller/install/servo_controller/share/ament_index/resource_index
[0.878s] creating /home/sudhaavan/tactile_sensor_ros2_ws/src/servo_controller/install/servo_controller/share/ament_index/resource_index/packages
[0.878s] symbolically linking /home/sudhaavan/tactile_sensor_ros2_ws/src/servo_controller/build/servo_controller/resource/servo_controller -> /home/sudhaavan/tactile_sensor_ros2_ws/src/servo_controller/install/servo_controller/share/ament_index/resource_index/packages
[0.878s] symbolically linking /home/sudhaavan/tactile_sensor_ros2_ws/src/servo_controller/build/servo_controller/package.xml -> /home/sudhaavan/tactile_sensor_ros2_ws/src/servo_controller/install/servo_controller/share/servo_controller
[0.898s] Invoked command in '/home/sudhaavan/tactile_sensor_ros2_ws/src/servo_controller/build/servo_controller' returned '0': PYTHONPATH=/home/sudhaavan/tactile_sensor_ros2_ws/src/servo_controller/build/servo_controller/prefix_override:/usr/lib/python3/dist-packages/colcon_core/task/python/colcon_distutils_commands:/home/sudhaavan/tactile_sensor_ros2_ws/src/servo_controller/install/servo_controller/lib/python3.12/site-packages:${PYTHONPATH} /usr/bin/python3 -W ignore:setup.py install is deprecated -W ignore:easy_install command is deprecated setup.py develop --editable --build-directory /home/sudhaavan/tactile_sensor_ros2_ws/src/servo_controller/build/servo_controller/build --no-deps symlink_data
