[0.471s] DEBUG:colcon:Command line arguments: ['/usr/bin/colcon', 'build', '--symlink-install']
[0.471s] DEBUG:colcon:Parsed command line arguments: Namespace(log_base=None, log_level=None, verb_name='build', build_base='build', install_base='install', merge_install=False, symlink_install=True, test_result_base=None, continue_on_error=False, executor='parallel', parallel_workers=16, event_handlers=None, ignore_user_meta=False, metas=['./colcon.meta'], base_paths=['.'], packages_ignore=None, packages_ignore_regex=None, paths=None, packages_up_to=None, packages_up_to_regex=None, packages_above=None, packages_above_and_dependencies=None, packages_above_depth=None, packages_select_by_dep=None, packages_skip_by_dep=None, packages_skip_up_to=None, packages_select_build_failed=False, packages_skip_build_finished=False, packages_select_test_failures=False, packages_skip_test_passed=False, packages_select=None, packages_skip=None, packages_select_regex=None, packages_skip_regex=None, packages_start=None, packages_end=None, allow_overriding=[], cmake_args=None, cmake_target=None, cmake_target_skip_unavailable=False, cmake_clean_cache=False, cmake_clean_first=False, cmake_force_configure=False, ament_cmake_args=None, catkin_cmake_args=None, catkin_skip_building_tests=False, mixin_files=None, mixin=None, verb_parser=<colcon_mixin.mixin.mixin_argument.MixinArgumentDecorator object at 0x7f41f05e8ce0>, verb_extension=<colcon_core.verb.build.BuildVerb object at 0x7f41f074d370>, main=<bound method BuildVerb.main of <colcon_core.verb.build.BuildVerb object at 0x7f41f074d370>>, mixin_verb=('build',))
[0.497s] Level 1:colcon.colcon_core.package_discovery:discover_packages(colcon_meta) check parameters
[0.497s] Level 1:colcon.colcon_core.package_discovery:discover_packages(recursive) check parameters
[0.497s] Level 1:colcon.colcon_core.package_discovery:discover_packages(ignore) check parameters
[0.497s] Level 1:colcon.colcon_core.package_discovery:discover_packages(path) check parameters
[0.497s] Level 1:colcon.colcon_core.package_discovery:discover_packages(colcon_meta) discover
[0.497s] Level 1:colcon.colcon_core.package_discovery:discover_packages(recursive) discover
[0.498s] INFO:colcon.colcon_core.package_discovery:Crawling recursively for packages in '/home/sudhaavan/tactile_sensor_ros2_ws/src/servo_controller'
[0.498s] Level 1:colcon.colcon_core.package_identification:_identify(.) by extensions ['ignore', 'ignore_ament_install']
[0.498s] Level 1:colcon.colcon_core.package_identification:_identify(.) by extension 'ignore'
[0.498s] Level 1:colcon.colcon_core.package_identification:_identify(.) by extension 'ignore_ament_install'
[0.498s] Level 1:colcon.colcon_core.package_identification:_identify(.) by extensions ['colcon_pkg']
[0.498s] Level 1:colcon.colcon_core.package_identification:_identify(.) by extension 'colcon_pkg'
[0.498s] Level 1:colcon.colcon_core.package_identification:_identify(.) by extensions ['colcon_meta']
[0.498s] Level 1:colcon.colcon_core.package_identification:_identify(.) by extension 'colcon_meta'
[0.498s] Level 1:colcon.colcon_core.package_identification:_identify(.) by extensions ['ros']
[0.498s] Level 1:colcon.colcon_core.package_identification:_identify(.) by extension 'ros'
[0.518s] DEBUG:colcon.colcon_core.package_identification:Package '.' with type 'ros.ament_python' and name 'servo_controller'
[0.518s] Level 1:colcon.colcon_core.package_discovery:discover_packages(recursive) using defaults
[0.518s] Level 1:colcon.colcon_core.package_discovery:discover_packages(ignore) discover
[0.518s] Level 1:colcon.colcon_core.package_discovery:discover_packages(ignore) using defaults
[0.518s] Level 1:colcon.colcon_core.package_discovery:discover_packages(path) discover
[0.518s] Level 1:colcon.colcon_core.package_discovery:discover_packages(path) using defaults
[0.535s] Level 1:colcon.colcon_core.package_discovery:discover_packages(prefix_path) check parameters
[0.535s] Level 1:colcon.colcon_core.package_discovery:discover_packages(prefix_path) discover
[0.539s] DEBUG:colcon.colcon_installed_package_information.package_discovery:Found 285 installed packages in /opt/ros/jazzy
[0.542s] Level 1:colcon.colcon_core.package_discovery:discover_packages(prefix_path) using defaults
[0.566s] Level 5:colcon.colcon_core.verb:set package 'servo_controller' build argument 'cmake_args' from command line to 'None'
[0.566s] Level 5:colcon.colcon_core.verb:set package 'servo_controller' build argument 'cmake_target' from command line to 'None'
[0.566s] Level 5:colcon.colcon_core.verb:set package 'servo_controller' build argument 'cmake_target_skip_unavailable' from command line to 'False'
[0.566s] Level 5:colcon.colcon_core.verb:set package 'servo_controller' build argument 'cmake_clean_cache' from command line to 'False'
[0.566s] Level 5:colcon.colcon_core.verb:set package 'servo_controller' build argument 'cmake_clean_first' from command line to 'False'
[0.566s] Level 5:colcon.colcon_core.verb:set package 'servo_controller' build argument 'cmake_force_configure' from command line to 'False'
[0.566s] Level 5:colcon.colcon_core.verb:set package 'servo_controller' build argument 'ament_cmake_args' from command line to 'None'
[0.566s] Level 5:colcon.colcon_core.verb:set package 'servo_controller' build argument 'catkin_cmake_args' from command line to 'None'
[0.566s] Level 5:colcon.colcon_core.verb:set package 'servo_controller' build argument 'catkin_skip_building_tests' from command line to 'False'
[0.566s] DEBUG:colcon.colcon_core.verb:Building package 'servo_controller' with the following arguments: {'ament_cmake_args': None, 'build_base': '/home/sudhaavan/tactile_sensor_ros2_ws/src/servo_controller/build/servo_controller', 'catkin_cmake_args': None, 'catkin_skip_building_tests': False, 'cmake_args': None, 'cmake_clean_cache': False, 'cmake_clean_first': False, 'cmake_force_configure': False, 'cmake_target': None, 'cmake_target_skip_unavailable': False, 'install_base': '/home/sudhaavan/tactile_sensor_ros2_ws/src/servo_controller/install/servo_controller', 'merge_install': False, 'path': '/home/sudhaavan/tactile_sensor_ros2_ws/src/servo_controller', 'symlink_install': True, 'test_result_base': None}
[0.566s] INFO:colcon.colcon_core.executor:Executing jobs using 'parallel' executor
[0.567s] DEBUG:colcon.colcon_parallel_executor.executor.parallel:run_until_complete
[0.567s] INFO:colcon.colcon_ros.task.ament_python.build:Building ROS package in '/home/sudhaavan/tactile_sensor_ros2_ws/src/servo_controller' with build type 'ament_python'
[0.567s] Level 1:colcon.colcon_core.shell:create_environment_hook('servo_controller', 'ament_prefix_path')
[0.569s] INFO:colcon.colcon_core.plugin_system:Skipping extension 'colcon_core.shell.bat': Not used on non-Windows systems
[0.569s] INFO:colcon.colcon_core.shell:Creating environment hook '/home/sudhaavan/tactile_sensor_ros2_ws/src/servo_controller/install/servo_controller/share/servo_controller/hook/ament_prefix_path.ps1'
[0.570s] INFO:colcon.colcon_core.shell:Creating environment descriptor '/home/sudhaavan/tactile_sensor_ros2_ws/src/servo_controller/install/servo_controller/share/servo_controller/hook/ament_prefix_path.dsv'
[0.570s] INFO:colcon.colcon_core.shell:Creating environment hook '/home/sudhaavan/tactile_sensor_ros2_ws/src/servo_controller/install/servo_controller/share/servo_controller/hook/ament_prefix_path.sh'
[0.571s] INFO:colcon.colcon_core.shell:Skip shell extension 'powershell' for command environment: Not usable outside of PowerShell
[0.571s] DEBUG:colcon.colcon_core.shell:Skip shell extension 'dsv' for command environment
[0.710s] INFO:colcon.colcon_core.task.python.build:Building Python package in '/home/sudhaavan/tactile_sensor_ros2_ws/src/servo_controller'
[0.710s] INFO:colcon.colcon_core.shell:Skip shell extension 'powershell' for command environment: Not usable outside of PowerShell
[0.710s] DEBUG:colcon.colcon_core.shell:Skip shell extension 'dsv' for command environment
[1.058s] DEBUG:colcon.colcon_core.event_handler.log_command:Invoking command in '/home/sudhaavan/tactile_sensor_ros2_ws/src/servo_controller/build/servo_controller': PYTHONPATH=/home/sudhaavan/tactile_sensor_ros2_ws/src/servo_controller/build/servo_controller/prefix_override:/usr/lib/python3/dist-packages/colcon_core/task/python/colcon_distutils_commands:/home/sudhaavan/tactile_sensor_ros2_ws/src/servo_controller/install/servo_controller/lib/python3.12/site-packages:${PYTHONPATH} /usr/bin/python3 -W ignore:setup.py install is deprecated -W ignore:easy_install command is deprecated setup.py develop --editable --build-directory /home/sudhaavan/tactile_sensor_ros2_ws/src/servo_controller/build/servo_controller/build --no-deps symlink_data
[1.423s] Level 1:colcon.colcon_core.shell:create_environment_hook('servo_controller', 'pythonpath_develop')
[1.423s] INFO:colcon.colcon_core.shell:Creating environment hook '/home/sudhaavan/tactile_sensor_ros2_ws/src/servo_controller/build/servo_controller/share/servo_controller/hook/pythonpath_develop.ps1'
[1.423s] DEBUG:colcon.colcon_core.event_handler.log_command:Invoked command in '/home/sudhaavan/tactile_sensor_ros2_ws/src/servo_controller/build/servo_controller' returned '0': PYTHONPATH=/home/sudhaavan/tactile_sensor_ros2_ws/src/servo_controller/build/servo_controller/prefix_override:/usr/lib/python3/dist-packages/colcon_core/task/python/colcon_distutils_commands:/home/sudhaavan/tactile_sensor_ros2_ws/src/servo_controller/install/servo_controller/lib/python3.12/site-packages:${PYTHONPATH} /usr/bin/python3 -W ignore:setup.py install is deprecated -W ignore:easy_install command is deprecated setup.py develop --editable --build-directory /home/sudhaavan/tactile_sensor_ros2_ws/src/servo_controller/build/servo_controller/build --no-deps symlink_data
[1.424s] INFO:colcon.colcon_core.shell:Creating environment descriptor '/home/sudhaavan/tactile_sensor_ros2_ws/src/servo_controller/build/servo_controller/share/servo_controller/hook/pythonpath_develop.dsv'
[1.424s] INFO:colcon.colcon_core.shell:Creating environment hook '/home/sudhaavan/tactile_sensor_ros2_ws/src/servo_controller/build/servo_controller/share/servo_controller/hook/pythonpath_develop.sh'
[1.426s] Level 1:colcon.colcon_core.environment:checking '/home/sudhaavan/tactile_sensor_ros2_ws/src/servo_controller/install/servo_controller' for CMake module files
[1.426s] Level 1:colcon.colcon_core.environment:checking '/home/sudhaavan/tactile_sensor_ros2_ws/src/servo_controller/install/servo_controller' for CMake config files
[1.426s] Level 1:colcon.colcon_core.environment:checking '/home/sudhaavan/tactile_sensor_ros2_ws/src/servo_controller/install/servo_controller/lib'
[1.426s] Level 1:colcon.colcon_core.environment:checking '/home/sudhaavan/tactile_sensor_ros2_ws/src/servo_controller/install/servo_controller/bin'
[1.427s] Level 1:colcon.colcon_core.environment:checking '/home/sudhaavan/tactile_sensor_ros2_ws/src/servo_controller/install/servo_controller/lib/pkgconfig/servo_controller.pc'
[1.427s] Level 1:colcon.colcon_core.environment:checking '/home/sudhaavan/tactile_sensor_ros2_ws/src/servo_controller/install/servo_controller/lib/python3.12/site-packages'
[1.427s] Level 1:colcon.colcon_core.shell:create_environment_hook('servo_controller', 'pythonpath')
[1.427s] INFO:colcon.colcon_core.shell:Creating environment hook '/home/sudhaavan/tactile_sensor_ros2_ws/src/servo_controller/install/servo_controller/share/servo_controller/hook/pythonpath.ps1'
[1.427s] INFO:colcon.colcon_core.shell:Creating environment descriptor '/home/sudhaavan/tactile_sensor_ros2_ws/src/servo_controller/install/servo_controller/share/servo_controller/hook/pythonpath.dsv'
[1.427s] INFO:colcon.colcon_core.shell:Creating environment hook '/home/sudhaavan/tactile_sensor_ros2_ws/src/servo_controller/install/servo_controller/share/servo_controller/hook/pythonpath.sh'
[1.428s] Level 1:colcon.colcon_core.environment:checking '/home/sudhaavan/tactile_sensor_ros2_ws/src/servo_controller/install/servo_controller/bin'
[1.428s] Level 1:colcon.colcon_core.environment:create_environment_scripts_only(servo_controller)
[1.428s] INFO:colcon.colcon_core.shell:Creating package script '/home/sudhaavan/tactile_sensor_ros2_ws/src/servo_controller/install/servo_controller/share/servo_controller/package.ps1'
[1.429s] INFO:colcon.colcon_core.shell:Creating package descriptor '/home/sudhaavan/tactile_sensor_ros2_ws/src/servo_controller/install/servo_controller/share/servo_controller/package.dsv'
[1.429s] INFO:colcon.colcon_core.shell:Creating package script '/home/sudhaavan/tactile_sensor_ros2_ws/src/servo_controller/install/servo_controller/share/servo_controller/package.sh'
[1.430s] INFO:colcon.colcon_core.shell:Creating package script '/home/sudhaavan/tactile_sensor_ros2_ws/src/servo_controller/install/servo_controller/share/servo_controller/package.bash'
[1.430s] INFO:colcon.colcon_core.shell:Creating package script '/home/sudhaavan/tactile_sensor_ros2_ws/src/servo_controller/install/servo_controller/share/servo_controller/package.zsh'
[1.431s] Level 1:colcon.colcon_core.environment:create_file_with_runtime_dependencies(/home/sudhaavan/tactile_sensor_ros2_ws/src/servo_controller/install/servo_controller/share/colcon-core/packages/servo_controller)
[1.431s] DEBUG:colcon.colcon_parallel_executor.executor.parallel:closing loop
[1.432s] DEBUG:colcon.colcon_parallel_executor.executor.parallel:loop closed
[1.432s] DEBUG:colcon.colcon_parallel_executor.executor.parallel:run_until_complete finished with '0'
[1.432s] DEBUG:colcon.colcon_core.event_reactor:joining thread
[1.645s] INFO:colcon.colcon_core.plugin_system:Skipping extension 'colcon_notification.desktop_notification.notify_send': Could not find 'notify-send'
[1.645s] INFO:colcon.colcon_core.plugin_system:Skipping extension 'colcon_notification.desktop_notification.terminal_notifier': Not used on non-Darwin systems
[1.645s] INFO:colcon.colcon_core.plugin_system:Skipping extension 'colcon_notification.desktop_notification.win32': Not used on non-Windows systems
[1.645s] INFO:colcon.colcon_notification.desktop_notification:Sending desktop notification using 'notify2'
[1.646s] DEBUG:colcon.colcon_notification.desktop_notification.notify2:Failed to initialize notify2: org.freedesktop.DBus.Error.ServiceUnknown: The name org.freedesktop.Notifications was not provided by any .service files
[1.647s] DEBUG:colcon.colcon_core.event_reactor:joined thread
[1.647s] INFO:colcon.colcon_core.shell:Creating prefix script '/home/sudhaavan/tactile_sensor_ros2_ws/src/servo_controller/install/local_setup.ps1'
[1.648s] INFO:colcon.colcon_core.shell:Creating prefix util module '/home/sudhaavan/tactile_sensor_ros2_ws/src/servo_controller/install/_local_setup_util_ps1.py'
[1.649s] INFO:colcon.colcon_core.shell:Creating prefix chain script '/home/sudhaavan/tactile_sensor_ros2_ws/src/servo_controller/install/setup.ps1'
[1.650s] INFO:colcon.colcon_core.shell:Creating prefix script '/home/sudhaavan/tactile_sensor_ros2_ws/src/servo_controller/install/local_setup.sh'
[1.650s] INFO:colcon.colcon_core.shell:Creating prefix util module '/home/sudhaavan/tactile_sensor_ros2_ws/src/servo_controller/install/_local_setup_util_sh.py'
[1.651s] INFO:colcon.colcon_core.shell:Creating prefix chain script '/home/sudhaavan/tactile_sensor_ros2_ws/src/servo_controller/install/setup.sh'
[1.652s] INFO:colcon.colcon_core.shell:Creating prefix script '/home/sudhaavan/tactile_sensor_ros2_ws/src/servo_controller/install/local_setup.bash'
[1.653s] INFO:colcon.colcon_core.shell:Creating prefix chain script '/home/sudhaavan/tactile_sensor_ros2_ws/src/servo_controller/install/setup.bash'
[1.654s] INFO:colcon.colcon_core.shell:Creating prefix script '/home/sudhaavan/tactile_sensor_ros2_ws/src/servo_controller/install/local_setup.zsh'
[1.655s] INFO:colcon.colcon_core.shell:Creating prefix chain script '/home/sudhaavan/tactile_sensor_ros2_ws/src/servo_controller/install/setup.zsh'
